{
  "0 debug pnpm:scope": {
    "selected": 1
  },
  "1 error pnpm": {
    "errno": 1,
    "code": "ELIFECYCLE",
    "pkgid": "warren-frontend-test@0.0.1",
    "stage": "test:watch",
    "script": "npm run test -- --watch",
    "pkgname": "warren-frontend-test",
    "err": {
      "name": "pnpm",
      "message": "warren-frontend-test@0.0.1 test:watch: `npm run test -- --watch`\nExit status 1",
      "code": "ELIFECYCLE",
      "stack": "pnpm: warren-frontend-test@0.0.1 test:watch: `npm run test -- --watch`\nExit status 1\n    at EventEmitter.<anonymous> (/home/lucas/.nvm/versions/node/v16.15.0/lib/node_modules/pnpm/dist/pnpm.cjs:108610:20)\n    at EventEmitter.emit (node:events:527:28)\n    at ChildProcess.<anonymous> (/home/lucas/.nvm/versions/node/v16.15.0/lib/node_modules/pnpm/dist/pnpm.cjs:95176:18)\n    at ChildProcess.emit (node:events:527:28)\n    at maybeClose (node:internal/child_process:1092:16)\n    at Process.ChildProcess._handle.onexit (node:internal/child_process:302:5)"
    }
  },
  "2 warn pnpm:global": " Local package.json exists, but node_modules missing, did you mean to install?"
}